Added Component: Designator=D?(LED_7012X1)
Add component (AddParameter): Name = "Availability"; Value = "In Stock"; VariantName = "[No Variations]"
Add component (AddParameter): Name = "Check_prices"; Value = "https://www.snapeda.com/parts/7012X1/Visual+Communications/view-part/?ref=eda"; VariantName = "[No Variations]"
Add component (AddParameter): Name = "MF"; Value = "VCC"; VariantName = "[No Variations]"
Add component (AddParameter): Name = "MP"; Value = "7012X1"; VariantName = "[No Variations]"
Add component (AddParameter): Name = "Package"; Value = "0805 Visual Communications"; VariantName = "[No Variations]"
Add component (AddParameter): Name = "Price"; Value = "None"; VariantName = "[No Variations]"
Add component (AddParameter): Name = "Purchase-URL"; Value = "https://pricing.snapeda.com/search/part/7012X1/?ref=eda"; VariantName = "[No Variations]"
Add component (AddParameter): Name = "SnapEDA_Link"; Value = "https://www.snapeda.com/parts/7012X1/Visual+Communications/view-part/?ref=snap"; VariantName = "[No Variations]"
Add component (AddParameter): Name = "Value"; Value = ""; VariantName = "[No Variations]"
Added Pin To Net: NetName=NetD?_A Pin=D?-A
Added Pin To Net: NetName=GND Pin=D?-C
Added Member To Class: ClassName=root Member=Component C? 22pF
Added Member To Class: ClassName=root Member=Component C? 22pF
Added Member To Class: ClassName=root Member=Component C? 0.10uF
Added Member To Class: ClassName=root Member=Component C? 10uF
Added Member To Class: ClassName=root Member=Component D? 7012X1
Added Member To Class: ClassName=root Member=Component R? 10k
Added Member To Class: ClassName=root Member=Component  MCP2515-I/ST
Added Member To Class: ClassName=root Member=Component U? TJA1050
Added Room: Name=root
