Added Pin To Net: NetName=CAN_P Pin=-1
Added Pin To Net: NetName=CAN_N Pin=-2
Added Pin To Net: NetName=OSC2 Pin=-7
Added Pin To Net: NetName=OSC1 Pin=-8
Added Pin To Net: NetName=GND Pin=-9
Added Pin To Net: NetName=SCLK Pin=-13
Added Pin To Net: NetName=MOSI Pin=-14
Added Pin To Net: NetName=MISO Pin=-15
Added Pin To Net: NetName=CS Pin=-16
Added Pin To Net: NetName=RESET Pin=-17
Added Pin To Net: NetName=VCC Pin=-18
Added Pin To Net: NetName=GND Pin=C1-1
Added Pin To Net: NetName=VCC Pin=C1-2
Added Pin To Net: NetName=GND Pin=C2-1
Added Pin To Net: NetName=VCC Pin=C2-2
Added Pin To Net: NetName=GND Pin=C3-1
Added Pin To Net: NetName=VCC Pin=C3-2
Added Pin To Net: NetName=GND Pin=C4-1
Added Pin To Net: NetName=OSC1 Pin=C4-2
Added Pin To Net: NetName=GND Pin=C5-1
Added Pin To Net: NetName=OSC2 Pin=C5-2
Added Pin To Net: NetName=GND Pin=D2-1
Added Pin To Net: NetName=NetD2_2 Pin=D2-2
Added Pin To Net: NetName=GND Pin=D3-1
Added Pin To Net: NetName=NetD3_2 Pin=D3-2
Added Pin To Net: NetName=RESET Pin=R1-1
Added Pin To Net: NetName=VCC Pin=R1-2
Added Pin To Net: NetName=NetD1_2 Pin=R2-1
Added Pin To Net: NetName=VCC Pin=R2-2
Added Pin To Net: NetName=NetD2_2 Pin=R3-1
Added Pin To Net: NetName=FAULT_LED Pin=R3-2
Added Pin To Net: NetName=NetD3_2 Pin=R4-1
Added Pin To Net: NetName=ERROR_LED Pin=R4-2
Added Pin To Net: NetName=CAN_P Pin=U1-1
Added Pin To Net: NetName=GND Pin=U1-2
Added Pin To Net: NetName=VCC Pin=U1-3
Added Pin To Net: NetName=CAN_N Pin=U1-4
Added Pin To Net: NetName=CANL Pin=U1-6
Added Pin To Net: NetName=CANH Pin=U1-7
Added Pin To Net: NetName=GND Pin=U1-8
Added Pin To Net: NetName=VCC Pin=U2-1
Added Pin To Net: NetName=GND Pin=U2-2
Added Pin To Net: NetName=CS Pin=U2-8
Added Pin To Net: NetName=SCLK Pin=U2-9
Added Pin To Net: NetName=MISO Pin=U2-10
Added Pin To Net: NetName=I2C_SDA Pin=U2-11
Added Pin To Net: NetName=FAULT_LED Pin=U2-12
Added Pin To Net: NetName=ERROR_LED Pin=U2-13
Added Pin To Net: NetName=I2C_CLK Pin=U2-14
Added Pin To Net: NetName=MOSI Pin=U2-15
Added Pin To Net: NetName=GND Pin=U2-29
Added Pin To Net: NetName=V_BAT Pin=U2-30
Added Pin To Net: NetName=OSC1 Pin=Y1-1
Added Pin To Net: NetName=OSC2 Pin=Y1-2
Added Member To Class: ClassName=root Member=Component C1 10uF
Added Member To Class: ClassName=root Member=Component C2 0.10uF
Added Member To Class: ClassName=root Member=Component C3 0.10uF
Added Member To Class: ClassName=root Member=Component C4 22pF
Added Member To Class: ClassName=root Member=Component C5 22pF
Added Member To Class: ClassName=root Member=Component D2 LTST-C191KGKT
Added Member To Class: ClassName=root Member=Component D3 LTST-C191KGKT
Added Member To Class: ClassName=root Member=Component R1 10k
Added Member To Class: ClassName=root Member=Component R2 100
Added Member To Class: ClassName=root Member=Component R3 100
Added Member To Class: ClassName=root Member=Component R4 100
Added Member To Class: ClassName=root Member=Component  MCP2515-I/SO
Added Member To Class: ClassName=root Member=Component U1 TJA1050
Added Member To Class: ClassName=root Member=Component U2 ESP32-DEVKIT-V1
Added Member To Class: ClassName=root Member=Component Y1 ABL-8.000MHZ-B2
