Added Component: Designator=U2(MODULE_ESP32_DEVKIT_V1)
Add component (AddParameter): Name = "Availability"; Value = "Not in stock"; VariantName = "[No Variations]"
Add component (AddParameter): Name = "Check_prices"; Value = "https://www.snapeda.com/parts/ESP32-DEVKIT-V1/Do+it/view-part/?ref=eda"; VariantName = "[No Variations]"
Add component (AddParameter): Name = "MF"; Value = "Do it"; VariantName = "[No Variations]"
Add component (AddParameter): Name = "MP"; Value = "ESP32-DEVKIT-V1"; VariantName = "[No Variations]"
Add component (AddParameter): Name = "Package"; Value = "None"; VariantName = "[No Variations]"
Add component (AddParameter): Name = "Price"; Value = "None"; VariantName = "[No Variations]"
Add component (AddParameter): Name = "SnapEDA_Link"; Value = "https://www.snapeda.com/parts/ESP32-DEVKIT-V1/Do+it/view-part/?ref=snap"; VariantName = "[No Variations]"
Add component (AddParameter): Name = "Value"; Value = ""; VariantName = "[No Variations]"
Added Pin To Net: NetName=VCC Pin=U2-1
Added Pin To Net: NetName=GND Pin=U2-2
Added Pin To Net: NetName=CS Pin=U2-8
Added Pin To Net: NetName=SCLK Pin=U2-9
Added Pin To Net: NetName=MISO Pin=U2-10
Added Pin To Net: NetName=I2C_SDA Pin=U2-11
Added Pin To Net: NetName=FAULT_LED Pin=U2-12
Added Pin To Net: NetName=ERROR_LED Pin=U2-13
Added Pin To Net: NetName=I2C_CLK Pin=U2-14
Added Pin To Net: NetName=MOSI Pin=U2-15
Added Pin To Net: NetName=GND Pin=U2-29
Added Pin To Net: NetName=V_BAT Pin=U2-30
Added Member To Class: ClassName=root Member=Component U2 ESP32-DEVKIT-V1
