Removed Pin From Net: NetName=VCC Pin=-1
Removed Pin From Net: NetName=GND Pin=-2
Removed Pin From Net: NetName=CS Pin=-8
Removed Pin From Net: NetName=SCLK Pin=-9
Removed Pin From Net: NetName=MISO Pin=-10
Removed Pin From Net: NetName=I2C_SDA Pin=-11
Removed Pin From Net: NetName=FAULT_LED Pin=-12
Removed Pin From Net: NetName=ERROR_LED Pin=-13
Removed Pin From Net: NetName=I2C_CLK Pin=-14
Removed Pin From Net: NetName=MOSI Pin=-15
Removed Pin From Net: NetName=GND Pin=-29
Removed Pin From Net: NetName=V_BAT Pin=-30
Added Component: Designator=U?(MODULE_ESP32_DEVKIT_V1)
Add component (AddParameter): Name = "Availability"; Value = "Not in stock"; VariantName = "[No Variations]"
Add component (AddParameter): Name = "Check_prices"; Value = "https://www.snapeda.com/parts/ESP32-DEVKIT-V1/Do+it/view-part/?ref=eda"; VariantName = "[No Variations]"
Add component (AddParameter): Name = "MF"; Value = "Do it"; VariantName = "[No Variations]"
Add component (AddParameter): Name = "MP"; Value = "ESP32-DEVKIT-V1"; VariantName = "[No Variations]"
Add component (AddParameter): Name = "Package"; Value = "None"; VariantName = "[No Variations]"
Add component (AddParameter): Name = "Price"; Value = "None"; VariantName = "[No Variations]"
Add component (AddParameter): Name = "SnapEDA_Link"; Value = "https://www.snapeda.com/parts/ESP32-DEVKIT-V1/Do+it/view-part/?ref=snap"; VariantName = "[No Variations]"
Add component (AddParameter): Name = "Value"; Value = ""; VariantName = "[No Variations]"
Added Pin To Net: NetName=VCC Pin=U?-1
Added Pin To Net: NetName=GND Pin=U?-2
Added Pin To Net: NetName=CS Pin=U?-8
Added Pin To Net: NetName=SCLK Pin=U?-9
Added Pin To Net: NetName=MISO Pin=U?-10
Added Pin To Net: NetName=I2C_SDA Pin=U?-11
Added Pin To Net: NetName=FAULT_LED Pin=U?-12
Added Pin To Net: NetName=ERROR_LED Pin=U?-13
Added Pin To Net: NetName=I2C_CLK Pin=U?-14
Added Pin To Net: NetName=MOSI Pin=U?-15
Added Pin To Net: NetName=GND Pin=U?-29
Added Pin To Net: NetName=V_BAT Pin=U?-30
Added Member To Class: ClassName=root Member=Component U? ESP32-DEVKIT-V1
